Updated: /home/jsg/Documents/jsg/Canvas-Code-Correction/docs/index.md
Updated: /home/jsg/Documents/jsg/Canvas-Code-Correction/docs/platform-setup/05-deploying-tests-to-ccc.md
No changes: /home/jsg/Documents/jsg/Canvas-Code-Correction/docs/platform-setup/04-monitoring-results.md
No changes: /home/jsg/Documents/jsg/Canvas-Code-Correction/docs/platform-setup/07-rustfs-storage.md
No changes: /home/jsg/Documents/jsg/Canvas-Code-Correction/docs/platform-setup/01-configuring-course.md
No changes: /home/jsg/Documents/jsg/Canvas-Code-Correction/docs/platform-setup/02-setting-up-prefect.md
No changes: /home/jsg/Documents/jsg/Canvas-Code-Correction/docs/platform-setup/03-scheduling-corrections.md
Updated: /home/jsg/Documents/jsg/Canvas-Code-Correction/docs/platform-setup/06-prefect-agent.md
No changes: /home/jsg/Documents/jsg/Canvas-Code-Correction/docs/reference/05-grader-image.md
No changes: /home/jsg/Documents/jsg/Canvas-Code-Correction/docs/reference/01-architecture.md
No changes: /home/jsg/Documents/jsg/Canvas-Code-Correction/docs/reference/04-api-clients.md
No changes: /home/jsg/Documents/jsg/Canvas-Code-Correction/docs/reference/02-cli.md
No changes: /home/jsg/Documents/jsg/Canvas-Code-Correction/docs/reference/03-configuration.md
No changes: /home/jsg/Documents/jsg/Canvas-Code-Correction/docs/reference/06-authoring-grader-tests.md
No changes: /home/jsg/Documents/jsg/Canvas-Code-Correction/docs/current-development/01-roadmap.md
No changes: /home/jsg/Documents/jsg/Canvas-Code-Correction/docs/current-development/02-phase-2-migration-plan.md
No changes: /home/jsg/Documents/jsg/Canvas-Code-Correction/docs/tutorial/02-prerequisites.md
Updated: /home/jsg/Documents/jsg/Canvas-Code-Correction/docs/tutorial/index.md
No changes: /home/jsg/Documents/jsg/Canvas-Code-Correction/docs/tutorial/03-creating-grader-image.md
Updated: /home/jsg/Documents/jsg/Canvas-Code-Correction/docs/tutorial/04-writing-grader-tests.md
Total files changed: 5
